0 info it worked if it ends with ok
1 verbose cli [ '/usr/local/bin/node', '/usr/local/bin/npm', 'run', 'test' ]
2 info using npm@3.10.10
3 info using node@v6.11.3
4 verbose run-script [ 'pretest', 'test', 'posttest' ]
5 info lifecycle ece-nodejs-2017@0.0.1~pretest: ece-nodejs-2017@0.0.1
6 silly lifecycle ece-nodejs-2017@0.0.1~pretest: no script for pretest, continuing
7 info lifecycle ece-nodejs-2017@0.0.1~test: ece-nodejs-2017@0.0.1
8 verbose lifecycle ece-nodejs-2017@0.0.1~test: unsafe-perm in lifecycle true
9 verbose lifecycle ece-nodejs-2017@0.0.1~test: PATH: /usr/local/lib/node_modules/npm/bin/node-gyp-bin:/Users/thomas/Desktop/ING5/Web/backend/cours1/node_modules/.bin:/Users/thomas/anaconda3/bin:/Library/Frameworks/Python.framework/Versions/3.6/bin:/Library/Frameworks/Python.framework/Versions/3.6/bin:/Applications/MAMP/bin/php/php5.6.28/bin:/usr/local/bin:/usr/bin:/bin:/usr/sbin:/sbin:/Applications/Wireshark.app/Contents/MacOS:/Users/thomas/anaconda3/bin:/Library/Frameworks/Python.framework/Versions/3.6/bin:/Applications/MAMP/bin/php/php5.6.28/bin
10 verbose lifecycle ece-nodejs-2017@0.0.1~test: CWD: /Users/thomas/Desktop/ING5/Web/backend/cours1
11 silly lifecycle ece-nodejs-2017@0.0.1~test: Args: [ '-c', 'mocha test/user.js' ]
12 silly lifecycle ece-nodejs-2017@0.0.1~test: Returned: code: 2  signal: null
13 info lifecycle ece-nodejs-2017@0.0.1~test: Failed to exec test script
14 verbose stack Error: ece-nodejs-2017@0.0.1 test: `mocha test/user.js`
14 verbose stack Exit status 2
14 verbose stack     at EventEmitter.<anonymous> (/usr/local/lib/node_modules/npm/lib/utils/lifecycle.js:255:16)
14 verbose stack     at emitTwo (events.js:106:13)
14 verbose stack     at EventEmitter.emit (events.js:191:7)
14 verbose stack     at ChildProcess.<anonymous> (/usr/local/lib/node_modules/npm/lib/utils/spawn.js:40:14)
14 verbose stack     at emitTwo (events.js:106:13)
14 verbose stack     at ChildProcess.emit (events.js:191:7)
14 verbose stack     at maybeClose (internal/child_process.js:920:16)
14 verbose stack     at Process.ChildProcess._handle.onexit (internal/child_process.js:230:5)
15 verbose pkgid ece-nodejs-2017@0.0.1
16 verbose cwd /Users/thomas/Desktop/ING5/Web/backend/cours1
17 error Darwin 16.7.0
18 error argv "/usr/local/bin/node" "/usr/local/bin/npm" "run" "test"
19 error node v6.11.3
20 error npm  v3.10.10
21 error code ELIFECYCLE
22 error ece-nodejs-2017@0.0.1 test: `mocha test/user.js`
22 error Exit status 2
23 error Failed at the ece-nodejs-2017@0.0.1 test script 'mocha test/user.js'.
23 error Make sure you have the latest version of node.js and npm installed.
23 error If you do, this is most likely a problem with the ece-nodejs-2017 package,
23 error not with npm itself.
23 error Tell the author that this fails on your system:
23 error     mocha test/user.js
23 error You can get information on how to open an issue for this project with:
23 error     npm bugs ece-nodejs-2017
23 error Or if that isn't available, you can get their info via:
23 error     npm owner ls ece-nodejs-2017
23 error There is likely additional logging output above.
24 verbose exit [ 1, true ]
